<?xml version="1.0" encoding="UTF-8"?>
<testng-results ignored="0" total="3" passed="3" failed="0" skipped="0">
  <reporter-output>
  </reporter-output>
  <suite started-at="2025-06-02T14:52:53 IST" name="Default suite" finished-at="2025-06-02T14:52:53 IST" duration-ms="64">
    <groups>
    </groups>
    <test started-at="2025-06-02T14:52:53 IST" name="Default test" finished-at="2025-06-02T14:52:53 IST" duration-ms="64">
      <class name="extra.WorkingWithAdvanceReports">
        <test-method is-config="true" signature="bs()[pri:0, instance:extra.WorkingWithAdvanceReports@3eb738bb]" started-at="2025-06-02T14:52:53 IST" name="bs" finished-at="2025-06-02T14:52:53 IST" duration-ms="254" status="PASS">
          <reporter-output>
          </reporter-output>
        </test-method> <!-- bs -->
        <test-method signature="case1()[pri:0, instance:extra.WorkingWithAdvanceReports@3eb738bb]" started-at="2025-06-02T14:52:53 IST" name="case1" finished-at="2025-06-02T14:52:53 IST" duration-ms="13" status="PASS">
          <reporter-output>
          </reporter-output>
        </test-method> <!-- case1 -->
        <test-method signature="case2()[pri:0, instance:extra.WorkingWithAdvanceReports@3eb738bb]" started-at="2025-06-02T14:52:53 IST" name="case2" finished-at="2025-06-02T14:52:53 IST" duration-ms="4" status="PASS">
          <reporter-output>
          </reporter-output>
        </test-method> <!-- case2 -->
        <test-method signature="case3()[pri:0, instance:extra.WorkingWithAdvanceReports@3eb738bb]" started-at="2025-06-02T14:52:53 IST" name="case3" finished-at="2025-06-02T14:52:53 IST" duration-ms="2" status="PASS">
          <reporter-output>
          </reporter-output>
        </test-method> <!-- case3 -->
        <test-method is-config="true" signature="repBackup()[pri:0, instance:extra.WorkingWithAdvanceReports@3eb738bb]" started-at="2025-06-02T14:52:53 IST" name="repBackup" finished-at="2025-06-02T14:52:54 IST" duration-ms="357" status="PASS">
          <reporter-output>
          </reporter-output>
        </test-method> <!-- repBackup -->
      </class> <!-- extra.WorkingWithAdvanceReports -->
    </test> <!-- Default test -->
  </suite> <!-- Default suite -->
</testng-results>
