<?xml version="1.0" encoding="UTF-8"?>
<!-- Generated by org.testng.reporters.JUnitXMLReporter -->
<testsuite ignored="0" hostname="TYSS-Piyush-Baldaniya" failures="0" tests="3" name="Default test" time="0.064" errors="0" timestamp="2025-06-02T14:52:53 IST">
  <testcase classname="extra.WorkingWithAdvanceReports" name="case1" time="0.013"/>
  <testcase classname="extra.WorkingWithAdvanceReports" name="case2" time="0.004"/>
  <testcase classname="extra.WorkingWithAdvanceReports" name="case3" time="0.002"/>
</testsuite> <!-- Default test -->
