<?xml version="1.0" encoding="UTF-8"?>
<!-- Generated by org.testng.reporters.JUnitXMLReporter -->
<testsuite ignored="0" hostname="TYSS-Piyush-Baldaniya" failures="0" tests="4" name="TestRunner1" time="7.959" errors="0" timestamp="2025-05-28T15:13:53 IST">
  <testcase classname="typesOfExecution.Demo1" name="add" time="3.266"/>
  <testcase classname="typesOfExecution.Demo2" name="sub" time="1.571"/>
  <testcase classname="typesOfExecution.Demo3" name="mul" time="1.471"/>
  <testcase classname="typesOfExecution.Demo4" name="div" time="1.582"/>
</testsuite> <!-- TestRunner1 -->
