<?xml version="1.0" encoding="UTF-8"?>
<!-- Generated by org.testng.reporters.JUnitXMLReporter -->
<testsuite ignored="1" hostname="TYSS-Piyush-Baldaniya" failures="0" tests="2" name="Test" time="0.065" errors="0" timestamp="2025-05-30T14:39:12 IST">
  <testcase classname="configuration.CrmTest" name="demo2" time="0.012"/>
  <testcase classname="configuration.CrmTest" name="demo3" time="0.001"/>
  <testcase classname="configuration.CrmTest" name="demo1" time="0.0">
    <ignored/>
  </testcase> <!-- demo1 -->
</testsuite> <!-- Test -->
