<?xml version="1.0" encoding="UTF-8"?>
<!-- Generated by org.testng.reporters.JUnitXMLReporter -->
<testsuite ignored="0" hostname="TYSS-Piyush-Baldaniya" failures="0" tests="4" name="Test" time="7.254" errors="0" timestamp="2025-05-28T15:06:15 IST">
  <testcase classname="typesOfExecution.Demo4" name="div" time="2.218"/>
  <testcase classname="typesOfExecution.Demo3" name="mul" time="1.647"/>
  <testcase classname="typesOfExecution.Demo2" name="sub" time="1.655"/>
  <testcase classname="typesOfExecution.Demo1" name="add" time="1.668"/>
</testsuite> <!-- Test -->
